Iteration	Posterior	Likelihood	Prior	extirpation_rate	rate_bg
0	-2232.82	-2235.626	2.805893	0.7795396	0.01
10	-2148.968	-2137.099	-11.86859	9.858981	0.01680327
20	-2152.974	-2136.049	-16.92527	15.26222	0.01712872
30	-2148.485	-2134.866	-13.61928	11.68599	0.0149286
40	-2148.492	-2135.563	-12.92955	10.99573	0.01482281
50	-2150.338	-2134.723	-15.61458	13.8799	0.01472313
60	-2148.981	-2135.735	-13.24596	11.17378	0.01701206
70	-2150.69	-2141.14	-9.550019	7.925801	0.01537844
80	-2148.286	-2135.282	-13.00337	10.9624	0.01650454
90	-2148.375	-2136.604	-11.77017	9.8018	0.01620074
100	-2151.703	-2135.06	-16.64374	15.09586	0.01480417
110	-2148.088	-2136.053	-12.03455	10.08676	0.01553606
120	-2149.113	-2138.231	-10.88198	9.065551	0.01510055
130	-2148.206	-2136.209	-11.99675	10.06595	0.01529514
140	-2148.316	-2134.159	-14.15669	12.17149	0.01605523
150	-2148.811	-2133.918	-14.89271	12.98568	0.01578834
160	-2148.905	-2137.541	-11.36346	9.506178	0.01490974
170	-2155.573	-2141.546	-14.02694	11.84348	0.01927611
180	-2148.369	-2136.562	-11.807	9.834507	0.01622339
190	-2148.544	-2136.58	-11.96402	9.963944	0.01650993
200	-2148.009	-2135.811	-12.19816	10.22507	0.01580077
210	-2148.582	-2137.131	-11.4514	9.569401	0.01518363
220	-2148.034	-2135.673	-12.36096	10.36456	0.01605738
230	-2148.644	-2134.122	-14.52222	12.61546	0.0152888
240	-2148.093	-2136.054	-12.0389	10.09248	0.01550883
250	-2148.182	-2135.068	-13.11414	11.16103	0.01510215
260	-2150.869	-2137.936	-12.93308	10.81318	0.01790002
270	-2148.919	-2134.614	-14.30528	12.28913	0.01667413
280	-2148.546	-2136.626	-11.92009	10.01598	0.01494323
290	-2148.218	-2134.759	-13.45942	11.42825	0.01636576
300	-2148.136	-2135.491	-12.64514	10.62277	0.01631463
310	-2148.517	-2134.185	-14.33163	12.41091	0.01527586
320	-2148.299	-2136.194	-12.10486	10.17895	0.01511285
330	-2149.255	-2135.064	-14.19112	12.14945	0.01696731
340	-2147.931	-2135.473	-12.45859	10.48094	0.01567951
350	-2148.543	-2137.269	-11.2742	9.37441	0.01578472
360	-2148.675	-2136.538	-12.13732	10.11607	0.01668869
370	-2149.761	-2135.906	-13.85511	11.97873	0.01426014
380	-2147.923	-2135.433	-12.48988	10.50852	0.01572083
390	-2148.189	-2136.372	-11.81654	9.882821	0.01554575
400	-2148.579	-2137.254	-11.32521	9.406739	0.0160232
410	-2149.959	-2134.229	-15.73014	13.897	0.01628403
420	-2148.292	-2136.016	-12.27626	10.34487	0.01506093
430	-2147.91	-2134.724	-13.18592	11.19988	0.015609
440	-2148.074	-2134.406	-13.66885	11.70111	0.01545898
450	-2148.581	-2134.337	-14.2439	12.32775	0.01512372
460	-2147.991	-2135.205	-12.78673	10.82082	0.01534301
470	-2148.775	-2136.059	-12.71615	10.79765	0.0146393
480	-2148.531	-2135.236	-13.29477	11.24158	0.01669611
490	-2148.608	-2137.411	-11.19714	9.305162	0.01578984
500	-2150.997	-2136.3	-14.69731	12.90385	0.01398657
510	-2149.392	-2138.962	-10.4299	8.64632	0.01559116
520	-2149.31	-2136.264	-13.04606	10.96332	0.01720823
530	-2148.04	-2135.568	-12.47119	10.46624	0.01612299
540	-2148.061	-2136.001	-12.05946	10.10445	0.01563067
550	-2148.179	-2135.672	-12.50688	10.56213	0.01512633
560	-2148.03	-2134.584	-13.44563	11.47594	0.01540261
570	-2148.988	-2134.042	-14.94642	13.01843	0.01617319
580	-2148.442	-2136.996	-11.44571	9.521675	0.01591314
590	-2147.895	-2135.176	-12.71989	10.73705	0.01563311
600	-2148.289	-2136.233	-12.05604	10.13091	0.01514515
610	-2148.52	-2136.557	-11.96235	10.05509	0.01495017
620	-2148.219	-2134.272	-13.94729	11.94875	0.01609142
630	-2148.177	-2134.47	-13.7063	11.6912	0.01620376
640	-2149.635	-2139.209	-10.42688	8.673632	0.01505508
650	-2149.614	-2134.978	-14.63613	12.79224	0.01456562
660	-2148.409	-2136.838	-11.57146	9.628288	0.01604792
670	-2150.019	-2139.472	-10.54656	8.801172	0.01462808
680	-2148.122	-2136.067	-12.05498	10.0778	0.01600871
690	-2147.946	-2135.339	-12.60709	10.63694	0.01547785
700	-2148.229	-2134.116	-14.11332	12.14041	0.01583212
710	-2148.945	-2137.395	-11.55022	9.576311	0.01663363
720	-2148.002	-2135.73	-12.27155	10.31055	0.01553979
730	-2148.918	-2137.841	-11.07727	9.174864	0.01621711
740	-2151.835	-2134.797	-17.03802	15.51635	0.01561392
750	-2149.854	-2134.193	-15.66145	13.8192	0.01626393
760	-2148.01	-2134.391	-13.61877	11.63862	0.01562338
770	-2148.203	-2134.384	-13.81964	11.81047	0.01617271
780	-2149.079	-2136.578	-12.50049	10.59792	0.01448405
790	-2147.884	-2134.941	-12.94205	10.94491	0.01579977
800	-2148.037	-2135.393	-12.64409	10.68497	0.01528687
810	-2148.65	-2137.373	-11.27681	9.360052	0.01608136
820	-2148.192	-2135.161	-13.0304	10.99509	0.01640631
830	-2148.17	-2136.097	-12.07355	10.08862	0.01612184
840	-2147.909	-2134.747	-13.16259	11.17729	0.01559649
850	-2148.992	-2133.983	-15.00844	13.09484	0.01606194
860	-2148.095	-2134.532	-13.56258	11.54714	0.01614744
870	-2148.539	-2133.978	-14.5602	12.63443	0.0156052
880	-2148.374	-2135.288	-13.08627	11.03987	0.01658373
890	-2149.406	-2137.899	-11.50701	9.661249	0.01451257
900	-2149.152	-2134.116	-15.03637	13.11037	0.01628776
910	-2148.109	-2135.792	-12.31686	10.37028	0.01527294
920	-2148.174	-2136.356	-11.81868	9.880067	0.01562534
930	-2147.895	-2134.944	-12.95125	10.96732	0.01558858
940	-2148.152	-2135.755	-12.39744	10.38702	0.01626713
950	-2148.454	-2136.361	-12.09307	10.17723	0.01496286
960	-2148.074	-2136.054	-12.02048	10.06105	0.0157445
970	-2148.642	-2134.337	-14.30515	12.39493	0.0151
980	-2148.254	-2136.009	-12.24498	10.23793	0.01633503
990	-2147.903	-2135.268	-12.63548	10.65409	0.01564491
1000	-2148.576	-2136.813	-11.76338	9.867667	0.01498407
1010	-2149.374	-2136.459	-12.91502	10.83228	0.01724066
1020	-2148.44	-2136.711	-11.72917	9.76091	0.01625604
1030	-2150.651	-2135.639	-15.01205	13.23419	0.01422576
1040	-2148.783	-2133.994	-14.78912	12.89667	0.01543191
1050	-2150.583	-2139.377	-11.20569	9.226072	0.01740447
1060	-2148.619	-2136.716	-11.90304	10.0035	0.01488823
1070	-2148.216	-2134.117	-14.0984	12.13045	0.01574547
1080	-2149.171	-2134.997	-14.17317	12.13347	0.01691938
1090	-2149.026	-2133.936	-15.09068	13.22247	0.0155516
1100	-2148.816	-2133.923	-14.89287	12.99611	0.0156425
1110	-2148.235	-2134.256	-13.97903	11.98193	0.01609227
1120	-2148.697	-2137.588	-11.10825	9.223205	0.01583967
1130	-2150.227	-2137.688	-12.53941	10.66898	0.01399573
1140	-2147.905	-2135.102	-12.80307	10.80151	0.01590591
1150	-2149.608	-2134.478	-15.12948	13.18902	0.01665821
1160	-2148.838	-2137.865	-10.97328	9.127229	0.01542492
1170	-2149.234	-2134.284	-14.94919	13.00055	0.01648234
1180	-2148.45	-2134.688	-13.76206	11.7294	0.01651066
1190	-2148.719	-2136.437	-12.28138	10.24786	0.01676384
1200	-2148.162	-2136.014	-12.1472	10.20904	0.01527241
1210	-2148.723	-2135.891	-12.83201	10.90961	0.01466858
1220	-2148.389	-2134.192	-14.1968	12.26229	0.01534196
1230	-2148.225	-2135.661	-12.56417	10.62137	0.01506732
1240	-2148.354	-2136.784	-11.56958	9.634507	0.01590878
1250	-2148.741	-2134.001	-14.74024	12.84305	0.01543112
1260	-2148.492	-2137.1	-11.3918	9.501302	0.01542125
1270	-2148.056	-2135.514	-12.54193	10.53117	0.01617617
1280	-2148.701	-2134.141	-14.55967	12.5899	0.01625121
1290	-2150.456	-2136.742	-13.71368	11.85251	0.01397017
1300	-2148.178	-2135.907	-12.27085	10.33135	0.01519365
1310	-2148.063	-2135.071	-12.99191	10.96661	0.01624715
1320	-2149.921	-2134.88	-15.04016	13.07011	0.01695306
1330	-2150.272	-2135.735	-14.53731	12.49213	0.01739814
1340	-2149.648	-2134.035	-15.61291	13.82194	0.01545642
1350	-2149.267	-2137.316	-11.9509	9.923307	0.01702219
1360	-2148.281	-2134.574	-13.70783	11.68358	0.01634889
1370	-2151.457	-2134.726	-16.731	15.17132	0.01518783
1380	-2149.101	-2138.318	-10.78327	8.970162	0.01525553
1390	-2150.001	-2134.16	-15.84132	14.09583	0.01533447
1400	-2148.665	-2137.1	-11.56464	9.602817	0.01639058
1410	-2147.891	-2135.089	-12.80259	10.81864	0.01562286
1420	-2149.417	-2134.957	-14.45965	12.43631	0.01695599
1430	-2147.975	-2135.2	-12.77483	10.80714	0.01537429
1440	-2147.88	-2134.948	-12.93236	10.93867	0.01574654
1450	-2148.377	-2134.02	-14.35715	12.40465	0.01576249
1460	-2150.206	-2134.981	-15.22526	13.27281	0.01700952
1470	-2147.899	-2135.261	-12.63747	10.64999	0.01574238
1480	-2147.954	-2134.534	-13.41911	11.41853	0.0158702
1490	-2149.797	-2134.038	-15.75915	13.9808	0.01559284
1500	-2151.204	-2134.813	-16.39138	14.65454	0.01656742
1510	-2149.493	-2137.956	-11.5367	9.544531	0.0169949
1520	-2149.665	-2134	-15.66505	13.86639	0.01566767
1530	-2148.575	-2136.428	-12.14767	10.23618	0.01484775
1540	-2149.891	-2135.628	-14.26326	12.40844	0.01429932
1550	-2147.913	-2135.022	-12.89056	10.9118	0.01551842
1560	-2148.848	-2135.163	-13.68469	11.62824	0.01685736
1570	-2148.302	-2134.294	-14.00845	12.00647	0.01618934
1580	-2149.018	-2138.182	-10.83571	8.974842	0.01599091
1590	-2149.864	-2134.883	-14.98112	13.00462	0.01695466
1600	-2148.22	-2136.115	-12.10569	10.11302	0.01622166
1610	-2147.916	-2134.744	-13.17206	11.16722	0.01590406
1620	-2148.397	-2135.574	-12.82296	10.8856	0.01489471
1630	-2148.383	-2134.271	-14.11199	12.11288	0.01622874
1640	-2148.223	-2134.156	-14.06688	12.08463	0.0159341
1650	-2150.122	-2134.752	-15.3698	13.44636	0.01684606
1660	-2148.694	-2135.412	-13.2825	11.35681	0.01471258
1670	-2148.543	-2136.318	-12.22477	10.20294	0.01661101
1680	-2148.442	-2137.039	-11.40278	9.490611	0.015777
1690	-2149.699	-2139.153	-10.54653	8.701187	0.01643111
1700	-2148.445	-2133.992	-14.4536	12.51141	0.01571732
1710	-2147.92	-2135.273	-12.64627	10.67056	0.01554894
1720	-2148.235	-2136.515	-11.72001	9.778041	0.01581076
1730	-2149.256	-2134.196	-15.05988	13.12974	0.01638711
1740	-2148.709	-2137.591	-11.11814	9.255824	0.0154208
1750	-2149.212	-2135.295	-13.91773	11.85863	0.01703183
1760	-2149.613	-2134.831	-14.78191	12.94708	0.01463547
1770	-2150.037	-2137.048	-12.98835	11.10671	0.01406082
1780	-2148.048	-2134.762	-13.28696	11.26528	0.01618074
1790	-2149.696	-2139.429	-10.26667	8.486757	0.0159816
1800	-2148.949	-2135.609	-13.33932	11.4244	0.01456871
1810	-2150.949	-2134.717	-16.23122	14.46355	0.01656835
1820	-2148.143	-2136.114	-12.02883	10.09044	0.01538692
1830	-2149.005	-2136.844	-12.16033	10.2663	0.01456682
1840	-2148.752	-2137.165	-11.58716	9.709568	0.01491511
1850	-2148.301	-2134.074	-14.22742	12.275	0.01563109
1860	-2148.435	-2136.966	-11.4691	9.541213	0.01594221
1870	-2148.268	-2136.383	-11.88575	9.963461	0.01527483
1880	-2148.492	-2137.163	-11.32886	9.430956	0.0156546
1890	-2148.704	-2133.936	-14.76823	12.85889	0.01564171
1900	-2148.037	-2134.349	-13.68838	11.69366	0.01587821
1910	-2148.184	-2135.397	-12.78748	10.83803	0.01508774
1920	-2148.798	-2133.928	-14.86929	12.97172	0.01561894
1930	-2149.467	-2135.744	-13.72287	11.64543	0.01722309
1940	-2147.883	-2135.062	-12.82114	10.83281	0.01568735
1950	-2148.038	-2135.546	-12.49175	10.53503	0.01532322
1960	-2148.33	-2134.542	-13.78794	11.84629	0.01513724
1970	-2149.535	-2138.427	-11.10788	9.295379	0.01460054
1980	-2148.015	-2134.353	-13.66231	11.6776	0.01571242
1990	-2148.198	-2134.565	-13.63298	11.61131	0.01627388
2000	-2148.56	-2133.957	-14.60333	12.66903	0.01578217
2010	-2148.635	-2137.464	-11.17138	9.297503	0.01552075
2020	-2149.891	-2136.189	-13.70237	11.61147	0.0174403
2030	-2148.565	-2137.318	-11.24714	9.350269	0.01578275
2040	-2148.003	-2135.8	-12.20286	10.23261	0.01574948
2050	-2148.373	-2135.07	-13.30374	11.25881	0.0165605
2060	-2148.235	-2134.124	-14.11096	12.15269	0.01561244
2070	-2148.064	-2134.622	-13.44231	11.42422	0.01615198
2080	-2148.552	-2134.014	-14.53791	12.61803	0.01549378
2090	-2148.463	-2135.241	-13.22191	11.1713	0.01664899
2100	-2150.781	-2136.336	-14.44503	12.37689	0.01766213
2110	-2148.734	-2134.132	-14.60243	12.70556	0.01524727
2120	-2148.009	-2135.24	-12.76953	10.80578	0.01531425
